demos/GUI/AppExpandableListViewDemo1/build/outputs/logs/manifest-merger-debug-report.txt
-- Merging decision tree log ---
manifest
ADDED from GUI\AppExpandableListViewDemo1\AndroidManifest.xml:3:1-68:12
INJECTED from GUI\AppExpandableListViewDemo1\AndroidManifest.xml:3:1-68:12
INJECTED from GUI\AppExpandableListViewDemo1\AndroidManifest.xml:3:1-68:12
INJECTED from GUI\AppExpandableListViewDemo1\AndroidManifest.xml:3:1-68:12
INJECTED from GUI\AppExpandableListViewDemo1\AndroidManifest.xml:3:1-68:12
	package
		ADDED from GUI\AppExpandableListViewDemo1\AndroidManifest.xml:4:5-50
	android:versionName
		ADDED from GUI\AppExpandableListViewDemo1\AndroidManifest.xml:6:5-30
		INJECTED from GUI\AppExpandableListViewDemo1\AndroidManifest.xml
		INJECTED from GUI\AppExpandableListViewDemo1\AndroidManifest.xml
	xmlns:android
		ADDED from GUI\AppExpandableListViewDemo1\AndroidManifest.xml:3:11-69
	android:versionCode
		ADDED from GUI\AppExpandableListViewDemo1\AndroidManifest.xml:5:5-28
		INJECTED from GUI\AppExpandableListViewDemo1\AndroidManifest.xml
		INJECTED from GUI\AppExpandableListViewDemo1\AndroidManifest.xml
uses-sdk
ADDED from GUI\AppExpandableListViewDemo1\AndroidManifest.xml:8:5-73
INJECTED from GUI\AppExpandableListViewDemo1\AndroidManifest.xml:8:5-73
INJECTED from GUI\AppExpandableListViewDemo1\AndroidManifest.xml:8:5-73
INJECTED from GUI\AppExpandableListViewDemo1\AndroidManifest.xml:8:5-73
INJECTED from GUI\AppExpandableListViewDemo1\AndroidManifest.xml:8:5-73
	android:targetSdkVersion
		ADDED from GUI\AppExpandableListViewDemo1\AndroidManifest.xml:8:42-71
		INJECTED from GUI\AppExpandableListViewDemo1\AndroidManifest.xml
		INJECTED from GUI\AppExpandableListViewDemo1\AndroidManifest.xml
	android:minSdkVersion
		ADDED from GUI\AppExpandableListViewDemo1\AndroidManifest.xml:8:15-41
		INJECTED from GUI\AppExpandableListViewDemo1\AndroidManifest.xml
		INJECTED from GUI\AppExpandableListViewDemo1\AndroidManifest.xml
uses-permission#android.permission.NFC
ADDED from GUI\AppExpandableListViewDemo1\AndroidManifest.xml:10:5-61
	android:name
		ADDED from GUI\AppExpandableListViewDemo1\AndroidManifest.xml:10:22-59
uses-permission#android.permission.CALL_PHONE
ADDED from GUI\AppExpandableListViewDemo1\AndroidManifest.xml:11:5-68
	android:name
		ADDED from GUI\AppExpandableListViewDemo1\AndroidManifest.xml:11:22-66
uses-permission#android.permission.ACCESS_FINE_LOCATION
ADDED from GUI\AppExpandableListViewDemo1\AndroidManifest.xml:12:5-78
	android:name
		ADDED from GUI\AppExpandableListViewDemo1\AndroidManifest.xml:12:22-76
uses-permission#android.permission.ACCESS_COARSE_LOCATION
ADDED from GUI\AppExpandableListViewDemo1\AndroidManifest.xml:13:5-80
	android:name
		ADDED from GUI\AppExpandableListViewDemo1\AndroidManifest.xml:13:22-78
uses-permission#android.permission.CHANGE_WIFI_STATE
ADDED from GUI\AppExpandableListViewDemo1\AndroidManifest.xml:14:5-75
	android:name
		ADDED from GUI\AppExpandableListViewDemo1\AndroidManifest.xml:14:22-73
uses-permission#android.permission.ACCESS_WIFI_STATE
ADDED from GUI\AppExpandableListViewDemo1\AndroidManifest.xml:15:5-75
	android:name
		ADDED from GUI\AppExpandableListViewDemo1\AndroidManifest.xml:15:22-73
uses-permission#android.permission.ACCESS_NETWORK_STATE
ADDED from GUI\AppExpandableListViewDemo1\AndroidManifest.xml:16:5-78
	android:name
		ADDED from GUI\AppExpandableListViewDemo1\AndroidManifest.xml:16:22-76
uses-permission#android.permission.INTERNET
ADDED from GUI\AppExpandableListViewDemo1\AndroidManifest.xml:17:5-66
	android:name
		ADDED from GUI\AppExpandableListViewDemo1\AndroidManifest.xml:17:22-64
uses-permission#android.permission.RESTART_PACKAGES
ADDED from GUI\AppExpandableListViewDemo1\AndroidManifest.xml:18:5-74
	android:name
		ADDED from GUI\AppExpandableListViewDemo1\AndroidManifest.xml:18:22-72
uses-permission#android.permission.WRITE_EXTERNAL_STORAGE
ADDED from GUI\AppExpandableListViewDemo1\AndroidManifest.xml:19:5-80
	android:name
		ADDED from GUI\AppExpandableListViewDemo1\AndroidManifest.xml:19:22-78
uses-permission#android.permission.READ_EXTERNAL_STORAGE
ADDED from GUI\AppExpandableListViewDemo1\AndroidManifest.xml:20:5-79
	android:name
		ADDED from GUI\AppExpandableListViewDemo1\AndroidManifest.xml:20:22-77
uses-permission#android.permission.WRITE_OWNER_DATA
ADDED from GUI\AppExpandableListViewDemo1\AndroidManifest.xml:21:5-74
	android:name
		ADDED from GUI\AppExpandableListViewDemo1\AndroidManifest.xml:21:22-72
uses-permission#android.permission.READ_OWNER_DATA
ADDED from GUI\AppExpandableListViewDemo1\AndroidManifest.xml:22:5-73
	android:name
		ADDED from GUI\AppExpandableListViewDemo1\AndroidManifest.xml:22:22-71
uses-permission#android.permission.READ_PHONE_STATE
ADDED from GUI\AppExpandableListViewDemo1\AndroidManifest.xml:23:5-74
	android:name
		ADDED from GUI\AppExpandableListViewDemo1\AndroidManifest.xml:23:22-72
uses-permission#android.permission.READ_CONTACTS
ADDED from GUI\AppExpandableListViewDemo1\AndroidManifest.xml:25:2-68
	android:name
		ADDED from GUI\AppExpandableListViewDemo1\AndroidManifest.xml:25:19-66
uses-permission#android.permission.WRITE_CONTACTS
ADDED from GUI\AppExpandableListViewDemo1\AndroidManifest.xml:27:5-72
	android:name
		ADDED from GUI\AppExpandableListViewDemo1\AndroidManifest.xml:27:22-70
uses-permission#android.permission.SEND_SMS
ADDED from GUI\AppExpandableListViewDemo1\AndroidManifest.xml:28:5-66
	android:name
		ADDED from GUI\AppExpandableListViewDemo1\AndroidManifest.xml:28:22-64
uses-permission#android.permission.RECEIVE_SMS
ADDED from GUI\AppExpandableListViewDemo1\AndroidManifest.xml:30:5-69
	android:name
		ADDED from GUI\AppExpandableListViewDemo1\AndroidManifest.xml:30:22-67
uses-permission#android.permission.CAMERA
ADDED from GUI\AppExpandableListViewDemo1\AndroidManifest.xml:31:5-64
	android:name
		ADDED from GUI\AppExpandableListViewDemo1\AndroidManifest.xml:31:22-62
uses-permission#android.permission.ACCESS_BLUETOOTH_SHARE
ADDED from GUI\AppExpandableListViewDemo1\AndroidManifest.xml:32:5-80
	android:name
		ADDED from GUI\AppExpandableListViewDemo1\AndroidManifest.xml:32:22-78
uses-permission#android.permission.BLUETOOTH
ADDED from GUI\AppExpandableListViewDemo1\AndroidManifest.xml:33:5-67
	android:name
		ADDED from GUI\AppExpandableListViewDemo1\AndroidManifest.xml:33:22-65
uses-permission#android.permission.BLUETOOTH_ADMIN
ADDED from GUI\AppExpandableListViewDemo1\AndroidManifest.xml:34:5-73
	android:name
		ADDED from GUI\AppExpandableListViewDemo1\AndroidManifest.xml:34:22-71
uses-permission#android.permission.VIBRATE
ADDED from GUI\AppExpandableListViewDemo1\AndroidManifest.xml:35:5-65
	android:name
		ADDED from GUI\AppExpandableListViewDemo1\AndroidManifest.xml:35:22-63
uses-permission#android.permission.WAKE_LOCK
ADDED from GUI\AppExpandableListViewDemo1\AndroidManifest.xml:36:5-67
	android:name
		ADDED from GUI\AppExpandableListViewDemo1\AndroidManifest.xml:36:22-65
uses-permission#android.permission.CHANGE_NETWORK_STATE
ADDED from GUI\AppExpandableListViewDemo1\AndroidManifest.xml:37:5-78
	android:name
		ADDED from GUI\AppExpandableListViewDemo1\AndroidManifest.xml:37:22-76
uses-feature#android.hardware.camera
ADDED from GUI\AppExpandableListViewDemo1\AndroidManifest.xml:39:5-84
	android:required
		ADDED from GUI\AppExpandableListViewDemo1\AndroidManifest.xml:39:58-82
	android:name
		ADDED from GUI\AppExpandableListViewDemo1\AndroidManifest.xml:39:19-57
uses-feature#android.hardware.camera.flash
ADDED from GUI\AppExpandableListViewDemo1\AndroidManifest.xml:40:5-90
	android:required
		ADDED from GUI\AppExpandableListViewDemo1\AndroidManifest.xml:40:64-88
	android:name
		ADDED from GUI\AppExpandableListViewDemo1\AndroidManifest.xml:40:19-63
uses-feature#android.hardware.camera.autofocus
ADDED from GUI\AppExpandableListViewDemo1\AndroidManifest.xml:41:5-94
	android:required
		ADDED from GUI\AppExpandableListViewDemo1\AndroidManifest.xml:41:68-92
	android:name
		ADDED from GUI\AppExpandableListViewDemo1\AndroidManifest.xml:41:19-67
uses-feature#0x00020000
ADDED from GUI\AppExpandableListViewDemo1\AndroidManifest.xml:43:5-77
	android:glEsVersion
		ADDED from GUI\AppExpandableListViewDemo1\AndroidManifest.xml:43:19-51
	android:required
		ADDED from GUI\AppExpandableListViewDemo1\AndroidManifest.xml:43:52-75
uses-feature#android.hardware.telephony
ADDED from GUI\AppExpandableListViewDemo1\AndroidManifest.xml:44:5-87
	android:required
		ADDED from GUI\AppExpandableListViewDemo1\AndroidManifest.xml:44:61-85
	android:name
		ADDED from GUI\AppExpandableListViewDemo1\AndroidManifest.xml:44:19-60
uses-feature#android.hardware.sensor.stepcounter
ADDED from GUI\AppExpandableListViewDemo1\AndroidManifest.xml:45:5-96
	android:required
		ADDED from GUI\AppExpandableListViewDemo1\AndroidManifest.xml:45:70-94
	android:name
		ADDED from GUI\AppExpandableListViewDemo1\AndroidManifest.xml:45:19-69
uses-feature#android.hardware.sensor.stepdetector
ADDED from GUI\AppExpandableListViewDemo1\AndroidManifest.xml:46:5-97
	android:required
		ADDED from GUI\AppExpandableListViewDemo1\AndroidManifest.xml:46:71-95
	android:name
		ADDED from GUI\AppExpandableListViewDemo1\AndroidManifest.xml:46:19-70
supports-screens
ADDED from GUI\AppExpandableListViewDemo1\AndroidManifest.xml:48:5-51:46
	android:largeScreens
		ADDED from GUI\AppExpandableListViewDemo1\AndroidManifest.xml:50:19-46
	android:smallScreens
		ADDED from GUI\AppExpandableListViewDemo1\AndroidManifest.xml:48:23-50
	android:normalScreens
		ADDED from GUI\AppExpandableListViewDemo1\AndroidManifest.xml:49:19-47
	android:anyDensity
		ADDED from GUI\AppExpandableListViewDemo1\AndroidManifest.xml:51:19-44
application
ADDED from GUI\AppExpandableListViewDemo1\AndroidManifest.xml:52:5-67:19
	android:label
		ADDED from GUI\AppExpandableListViewDemo1\AndroidManifest.xml:55:9-41
	android:icon
		ADDED from GUI\AppExpandableListViewDemo1\AndroidManifest.xml:54:9-45
	android:allowBackup
		ADDED from GUI\AppExpandableListViewDemo1\AndroidManifest.xml:53:9-35
	android:theme
		ADDED from GUI\AppExpandableListViewDemo1\AndroidManifest.xml:56:9-40
activity#org.lamw.appexpandablelistviewdemo1.App
ADDED from GUI\AppExpandableListViewDemo1\AndroidManifest.xml:57:9-66:20
	android:enabled
		ADDED from GUI\AppExpandableListViewDemo1\AndroidManifest.xml:61:36-58
	android:label
		ADDED from GUI\AppExpandableListViewDemo1\AndroidManifest.xml:59:13-45
	android:launchMode
		ADDED from GUI\AppExpandableListViewDemo1\AndroidManifest.xml:61:6-35
	android:configChanges
		ADDED from GUI\AppExpandableListViewDemo1\AndroidManifest.xml:60:13-97
	android:name
		ADDED from GUI\AppExpandableListViewDemo1\AndroidManifest.xml:58:13-67
intent-filter#action:name:android.intent.action.MAIN+category:name:android.intent.category.LAUNCHER
ADDED from GUI\AppExpandableListViewDemo1\AndroidManifest.xml:62:13-65:29
action#android.intent.action.MAIN
ADDED from GUI\AppExpandableListViewDemo1\AndroidManifest.xml:63:17-68
	android:name
		ADDED from GUI\AppExpandableListViewDemo1\AndroidManifest.xml:63:25-66
category#android.intent.category.LAUNCHER
ADDED from GUI\AppExpandableListViewDemo1\AndroidManifest.xml:64:17-76
	android:name
		ADDED from GUI\AppExpandableListViewDemo1\AndroidManifest.xml:64:27-74